Iteration 0: E0 =  [-3662.2603716]
solution:  [-3662.2603716]  R2 =  3.746240698907031e-22  DeltaE_rms =  0.04098538244896849

J -0.9226309588625343
tσ 0.36313725538176594
tσps -0.23292132097859086
tπ -0.2368401856794724
Ud 0.852736335448839
Up -0.43694211918452713
Vpd -0.21779058837581805
Vps -0.017062394282861576
εs 0.08040791554128021
εdσ 0.08870443074364924
εpσ -0.09257864143087484
εpπ -0.2123780916412722
εdπ -0.10190810519963632
εdδ 0.25201043813484736
Iteration  1 : correlations
[0.9226309588625343, 0.36313725538176594, 0.23292132097859086, 0.2368401856794724, 0.852736335448839, 0.43694211918452713, 0.21779058837581805, 0.017062394282861576, 0.08040791554128021, 0.08870443074364924, 0.09257864143087484, 0.2123780916412722, 0.10190810519963632, 0.25201043813484736]
Max correlation:  J
solution:  [-3.66222774e+03 -8.23299383e-02]  R2 =  0.8512478862517798  DeltaE_rms =  0.015807404432186502

tσ 0.16287733885469516
tσps 0.197266596608167
tπ 0.3996264266517224
Ud 0.1957076157579483
Up -0.2741739918449457
Vpd -0.5118811936836614
Vps 0.43519647934552336
εs 0.5051100332518361
εdσ -0.2613089506215676
εpσ -0.018902420559011084
εpπ 0.10930967819096006
εdπ 0.24186326623156656
εdδ -0.270756068622429
Iteration  2 : correlations
[0.16287733885469516, 0.197266596608167, 0.3996264266517224, 0.1957076157579483, 0.2741739918449457, 0.5118811936836614, 0.43519647934552336, 0.5051100332518361, 0.2613089506215676, 0.018902420559011084, 0.10930967819096006, 0.24186326623156656, 0.270756068622429]
Max correlation:  Vpd
solution:  [-3.66161172e+03 -8.19408710e-02 -2.16516748e-02]  R2 =  0.8902432666975773  DeltaE_rms =  0.013578274316425217

tσ 0.27249258201021265
tσps 0.39405470705935597
tπ 0.4216843143757974
Ud 0.24932451886976198
Up 0.1646814557234439
Vps -0.04062309868532044
εs 0.00572905471765079
εdσ -0.5216055446408652
εpσ -0.0781130330219274
εpπ 0.4587086174711671
εdπ 0.2923548209246663
εdδ -0.24992632982270455
Iteration  3 : correlations
[0.27249258201021265, 0.39405470705935597, 0.4216843143757974, 0.24932451886976198, 0.1646814557234439, 0.04062309868532044, 0.00572905471765079, 0.5216055446408652, 0.0781130330219274, 0.4587086174711671, 0.2923548209246663, 0.24992632982270455]
Max correlation:  εdσ
solution:  [-3.66129771e+03 -8.56299716e-02 -3.00300508e-02 -4.48699217e-02]  R2 =  0.926448268874593  DeltaE_rms =  0.01111540884316867

tσ 0.13332991380914438
tσps -0.07467517435452961
tπ 0.4996586461427278
Ud 0.2811866740420089
Up -0.046447469061831566
Vps 0.06040596884693418
εs 0.035662379203150935
εpσ -0.0025379300020237604
εpπ 0.015758995658233004
εdπ 0.20147786073087573
εdδ -0.23384171592239758
Iteration  4 : correlations
[0.13332991380914438, 0.07467517435452961, 0.4996586461427278, 0.2811866740420089, 0.046447469061831566, 0.06040596884693418, 0.035662379203150935, 0.0025379300020237604, 0.015758995658233004, 0.20147786073087573, 0.23384171592239758]
Max correlation:  tπ
solution:  [-3.66132478e+03 -9.18730728e-02 -2.85360945e-02 -4.40055693e-02
  2.08549130e-02]  R2 =  0.9489901900155253  DeltaE_rms =  0.009256692666728497

tσ -0.008791020286971539
tσps -0.0892811054824656
Ud 0.3789641103885351
Up -0.09474156831669454
Vps -0.041785488312944465
εs -0.02361871710427026
εpσ 0.22210060382811067
εpπ -0.01844192427331071
εdπ -0.10791720269828405
εdδ -0.049599845123638214
Iteration  5 : correlations
[0.008791020286971539, 0.0892811054824656, 0.3789641103885351, 0.09474156831669454, 0.041785488312944465, 0.02361871710427026, 0.22210060382811067, 0.01844192427331071, 0.10791720269828405, 0.049599845123638214]
Max correlation:  Ud
solution:  [-3.66137443e+03 -6.97829773e-02 -2.90986270e-02 -4.15296147e-02
  2.34563804e-02  1.88283063e-02]  R2 =  0.9747819396298902  DeltaE_rms =  0.006508558789413358

tσ -0.23637911931635652
tσps 0.030670553599057966
Up -0.03305570133772761
Vps 0.02281897265680096
εs 0.012405833089709838
εpσ 0.4108880503110182
εpπ 0.006231299749960658
εdπ -0.10998560580932537
εdδ -0.22478278721747455
Iteration  6 : correlations
[0.23637911931635652, 0.030670553599057966, 0.03305570133772761, 0.02281897265680096, 0.012405833089709838, 0.4108880503110182, 0.006231299749960658, 0.10998560580932537, 0.22478278721747455]
Max correlation:  εpσ
solution:  [-3.66140004e+03 -7.07259882e-02 -2.85145833e-02 -4.36867502e-02
  2.72220940e-02  1.96823101e-02  1.09399043e-02]  R2 =  0.9798412100908389  DeltaE_rms =  0.005819172366340899

tσ 0.10396042635158427
tσps -0.06649350571038472
Up -0.11157591727980681
Vps -0.04792877276975786
εs -0.029250368761125117
εpπ -0.02038311031634109
εdπ 0.08356976042721503
εdδ -0.07297423771820694
Iteration  7 : correlations
[0.10396042635158427, 0.06649350571038472, 0.11157591727980681, 0.04792877276975786, 0.029250368761125117, 0.02038311031634109, 0.08356976042721503, 0.07297423771820694]
Max correlation:  Up
solution:  [-3.66174622e+03 -6.90930311e-02 -5.42212864e-03 -7.08504497e-02
  3.16185694e-02  1.66285405e-02  1.79340329e-02 -7.71735100e-02]  R2 =  0.9846786474103901  DeltaE_rms =  0.005073148155072466

tσ -0.02057500585630465
tσps 0.012824774823944627
Vps 0.03667281977303805
εs 0.013754074542363114
εpπ 0.011922342288232031
εdπ 0.14155231000500956
εdδ -0.16406987500259407
Iteration  8 : correlations
[0.02057500585630465, 0.012824774823944627, 0.03667281977303805, 0.013754074542363114, 0.011922342288232031, 0.14155231000500956, 0.16406987500259407]
Max correlation:  εdδ
solution:  [-3.66177511e+03 -6.86842566e-02 -3.26359419e-03 -7.16330614e-02
  2.95131801e-02  1.69056227e-02  1.64057022e-02 -8.31768871e-02
 -4.39558011e-03]  R2 =  0.9854469056210273  DeltaE_rms =  0.004944321070832052

tσ -0.026510349385607302
tσps 0.012158702853596541
Vps 0.034512523189203545
εs 0.013944460775027496
εpπ 0.011362756834747469
εdπ -0.008813065403375987
Iteration  9 : correlations
[0.026510349385607302, 0.012158702853596541, 0.034512523189203545, 0.013944460775027496, 0.011362756834747469, 0.008813065403375987]
Max correlation:  Vps
solution:  [-3.66404152e+03 -6.80552060e-02  7.34987998e-02 -1.22710293e-01
  1.93651841e-02  1.71607099e-02  1.35199482e-02 -1.78310938e-01
 -3.24644821e-03  8.72724286e-02]  R2 =  0.9876715683052176  DeltaE_rms =  0.004550749275873802

tσ -0.028740732364779836
tσps -0.0371506230052819
εs -0.0020473594190555193
εpπ -0.0011550607068908844
εdπ 0.0010086445113693151
Iteration  10 : correlations
[0.028740732364779836, 0.0371506230052819, 0.0020473594190555193, 0.0011550607068908844, 0.0010086445113693151]
Max correlation:  tσps
solution:  [-3.66426421e+03 -6.86863617e-02  8.06552924e-02 -1.36279141e-01
  1.79245493e-02  1.67353049e-02  1.39087977e-02 -1.81632236e-01
 -3.13260651e-03  9.86339100e-02 -1.25254143e-02]  R2 =  0.9878852143873352  DeltaE_rms =  0.0045111457465639064

tσ -0.02758676932743843
εs -0.0024734421343300286
εpπ -0.0008708828714663065
εdπ 0.0009269560744958945
Iteration  11 : correlations
[0.02758676932743843, 0.0024734421343300286, 0.0008708828714663065, 0.0009269560744958945]
Max correlation:  tσ
solution:  [-3.66429514e+03 -6.86295058e-02  8.37066644e-02 -1.41311521e-01
  1.85142339e-02  1.70008888e-02  1.03780794e-02 -1.92602631e-01
 -3.28279519e-03  9.82989651e-02 -1.21679529e-02 -9.75921884e-03]  R2 =  0.9880048226832546  DeltaE_rms =  0.004488821420254303

εs -0.003839774486559671
εpπ -0.0010118332728982489
εdπ 0.0012499333223172286
Iteration  12 : correlations
[0.003839774486559671, 0.0010118332728982489, 0.0012499333223172286]
Max correlation:  εs
solution:  [-3.65981363e+03 -6.70155272e-02 -4.74950690e-02 -1.70042602e-01
  2.73326666e-02  1.67038902e-02  5.93234549e-03 -1.98493083e-01
 -1.73876577e-03  2.65937894e-01 -1.69437139e-02 -3.61424182e-02
 -1.29928431e+00]  R2 =  0.9889217834977344  DeltaE_rms =  0.004313838838323334

εpπ -0.0004127637920194154
εdπ 0.0002294531409926574
Iteration  13 : correlations
[0.0004127637920194154, 0.0002294531409926574]
Max correlation:  εpπ
solution:  [-3.66366505e+03 -6.70535345e-02  1.36822403e-01 -6.88562356e-01
  2.38783344e-02  1.66506925e-02  5.26119283e-03 -1.86693705e-01
 -1.67329649e-03  3.87151177e-01 -1.07240981e-02 -3.41974095e-02
 -1.04054708e+00 -5.20147437e-01]  R2 =  0.9890395307357498  DeltaE_rms =  0.004290852307784316

εdπ 2.8450151169389056e-12
Iteration  14 : correlations
[2.8450151169389056e-12]
Max correlation:  εdπ
solution:  [-6.43418227e+06 -6.70421901e-02  1.35929133e-01  5.35875867e+05
  2.38833605e-02  1.66501650e-02  5.35876557e+05 -1.87130149e-01
  5.35876550e+05  3.86420010e-01 -1.07538989e-02 -3.42756413e-02
  5.35875511e+05  5.35876035e+05  5.35876552e+05]  R2 =  0.9890401967961379  DeltaE_rms =  0.0042907219296911625


MATCHING PURSUIT RESULTS
 Iter E0                J                 Vpd               εdσ               tπ                Ud                εpσ               Up                εdδ               Vps               tσps              tσ                εs                εpπ               εdπ               
    0       -3662.260372          0.000000          0.000000          0.000000          0.000000          0.000000          0.000000          0.000000          0.000000          0.000000          0.000000          0.000000          0.000000          0.000000          0.000000
    1       -3662.227741         -0.082330          0.000000          0.000000          0.000000          0.000000          0.000000          0.000000          0.000000          0.000000          0.000000          0.000000          0.000000          0.000000          0.000000
    2       -3661.611718         -0.081941         -0.021652          0.000000          0.000000          0.000000          0.000000          0.000000          0.000000          0.000000          0.000000          0.000000          0.000000          0.000000          0.000000
    3       -3661.297709         -0.085630         -0.030030         -0.044870          0.000000          0.000000          0.000000          0.000000          0.000000          0.000000          0.000000          0.000000          0.000000          0.000000          0.000000
    4       -3661.324780         -0.091873         -0.028536         -0.044006          0.020855          0.000000          0.000000          0.000000          0.000000          0.000000          0.000000          0.000000          0.000000          0.000000          0.000000
    5       -3661.374427         -0.069783         -0.029099         -0.041530          0.023456          0.018828          0.000000          0.000000          0.000000          0.000000          0.000000          0.000000          0.000000          0.000000          0.000000
    6       -3661.400041         -0.070726         -0.028515         -0.043687          0.027222          0.019682          0.010940          0.000000          0.000000          0.000000          0.000000          0.000000          0.000000          0.000000          0.000000
    7       -3661.746220         -0.069093         -0.005422         -0.070850          0.031619          0.016629          0.017934         -0.077174          0.000000          0.000000          0.000000          0.000000          0.000000          0.000000          0.000000
    8       -3661.775110         -0.068684         -0.003264         -0.071633          0.029513          0.016906          0.016406         -0.083177         -0.004396          0.000000          0.000000          0.000000          0.000000          0.000000          0.000000
    9       -3664.041525         -0.068055          0.073499         -0.122710          0.019365          0.017161          0.013520         -0.178311         -0.003246          0.087272          0.000000          0.000000          0.000000          0.000000          0.000000
   10       -3664.264213         -0.068686          0.080655         -0.136279          0.017925          0.016735          0.013909         -0.181632         -0.003133          0.098634         -0.012525          0.000000          0.000000          0.000000          0.000000
   11       -3664.295139         -0.068630          0.083707         -0.141312          0.018514          0.017001          0.010378         -0.192603         -0.003283          0.098299         -0.012168         -0.009759          0.000000          0.000000          0.000000
   12       -3659.813626         -0.067016         -0.047495         -0.170043          0.027333          0.016704          0.005932         -0.198493         -0.001739          0.265938         -0.016944         -0.036142         -1.299284          0.000000          0.000000
   13       -3663.665046         -0.067054          0.136822         -0.688562          0.023878          0.016651          0.005261         -0.186694         -0.001673          0.387151         -0.010724         -0.034197         -1.040547         -0.520147          0.000000
   14    -6434182.274278         -0.067042          0.135929     535875.866841          0.023883          0.016650     535876.557403         -0.187130     535876.550462          0.386420         -0.010754         -0.034276     535875.510729     535876.035388     535876.552133

ERRORS AND CORRELATIONS
 Iter   DE_rms     R2      
    0           0.040985          0.000000
    1           0.015807          0.851248
    2           0.013578          0.890243
    3           0.011115          0.926448
    4           0.009257          0.948990
    5           0.006509          0.974782
    6           0.005819          0.979841
    7           0.005073          0.984679
    8           0.004944          0.985447
    9           0.004551          0.987672
   10           0.004511          0.987885
   11           0.004489          0.988005
   12           0.004314          0.988922
   13           0.004291          0.989040
   14           0.004291          0.989040
