 Density Matrix Downfolding from CASCI/DMRG
               Version 1.0
      Written by David W.O. de Sousa
 The Pennsylvania State University, 2023

 Program Parameters
 ==================
 Number of orbitals in active space:          9
 Scanned spin states:                         [0, 1, 2]
 Number of eigenstates per spin state:        30
 Number of non-eigenstates per eigenstate:    0
 Total number of points:                      90
 Tolerance factor of descriptor assessment:   2.0%

 Low-energy space energy window:              inf eV
 Parameters in the effective model:           ['E0', 'J', 'tσ', 'tπ', 'Ud', 'Up', 'Vpd', 'εpσ', 'εdσ', 'εdπ', 'εdδ']

 I/O Parameters
 ==============
 Read inputs from directory:                  input
 Write outputs to directory:                  model3

 Load Data
 =========
 Loading calculation files for spin = 0...
 Reading descriptors from file...

 Loading calculation files for spin = 1...
 Reading descriptors from file...

 Loading calculation files for spin = 2...
 Reading descriptors from file...

 Assess Data
 ===========
 Assessing descriptors...
 Points rettained after assessment : 90

 Correlation between parameters:
   E0  vs. J   : R^2 = nan
   E0  vs. tσ  : R^2 = nan
   E0  vs. tπ  : R^2 = nan
   E0  vs. Ud  : R^2 = nan
   E0  vs. Up  : R^2 = nan
   E0  vs. Vpd : R^2 = nan
   E0  vs. εpσ : R^2 = nan
   E0  vs. εdσ : R^2 = nan
   E0  vs. εdπ : R^2 = nan
   E0  vs. εdδ : R^2 = nan
   J   vs. tσ  : R^2 = 0.105951
   J   vs. tπ  : R^2 = 0.179568
   J   vs. Ud  : R^2 = 0.709694
   J   vs. Up  : R^2 = 0.128860
   J   vs. Vpd : R^2 = 0.000487
   J   vs. εpσ : R^2 = 0.042180
   J   vs. εdσ : R^2 = 0.008545
   J   vs. εdπ : R^2 = 0.044757
   J   vs. εdδ : R^2 = 0.149248
   tσ  vs. tπ  : R^2 = 0.007653
   tσ  vs. Ud  : R^2 = 0.152798
   tσ  vs. Up  : R^2 = 0.005950
   tσ  vs. Vpd : R^2 = 0.017377
   tσ  vs. εpσ : R^2 = 0.058639
   tσ  vs. εdσ : R^2 = 0.743330
   tσ  vs. εdπ : R^2 = 0.176853
   tσ  vs. εdδ : R^2 = 0.114022
   tπ  vs. Ud  : R^2 = 0.172208
   tπ  vs. Up  : R^2 = 0.023559
   tπ  vs. Vpd : R^2 = 0.004056
   tπ  vs. εpσ : R^2 = 0.006463
   tπ  vs. εdσ : R^2 = 0.068934
   tπ  vs. εdπ : R^2 = 0.322864
   tπ  vs. εdδ : R^2 = 0.237998
   Ud  vs. Up  : R^2 = 0.101516
   Ud  vs. Vpd : R^2 = 0.000304
   Ud  vs. εpσ : R^2 = 0.016797
   Ud  vs. εdσ : R^2 = 0.013156
   Ud  vs. εdπ : R^2 = 0.050990
   Ud  vs. εdδ : R^2 = 0.183960
   Up  vs. Vpd : R^2 = 0.671578
   Up  vs. εpσ : R^2 = 0.476550
   Up  vs. εdσ : R^2 = 0.001314
   Up  vs. εdπ : R^2 = 0.025992
   Up  vs. εdδ : R^2 = 0.042876
   Vpd vs. εpσ : R^2 = 0.136285
   Vpd vs. εdσ : R^2 = 0.008476
   Vpd vs. εdπ : R^2 = 0.000518
   Vpd vs. εdδ : R^2 = 0.010194
   εpσ vs. εdσ : R^2 = 0.018382
   εpσ vs. εdπ : R^2 = 0.063270
   εpσ vs. εdδ : R^2 = 0.017398
   εdσ vs. εdπ : R^2 = 0.318106
   εdσ vs. εdδ : R^2 = 0.065444
   εdπ vs. εdδ : R^2 = 0.419850

 DMD Results
 ===========
 ['E0', 'J', 'tσ', 'tπ', 'Ud', 'Up', 'Vpd', 'εpσ', 'εdσ', 'εdπ', 'εdδ']  = [-9.96285145e+04 -1.86018384e+00 -1.55820180e-01  5.71929639e-01
  4.76267800e-01 -4.84014105e+00  8.11363392e-01 -3.11014752e+00
 -4.34794057e+00 -4.65578899e+00 -4.76226542e+00] eV

 residue = [0.0525511] eV
 dE_max  = 0.22527369706664122 eV
 dE_rms  = 0.12605065384086137 eV
 R^2     = 0.9872258950271757

 Total calculation time: 0.0 seconds 
